2022-06-03 11:22:52  [Thread-0] - [INFO]  ===================== 监控线程开始运行! =====================
2022-06-03 11:22:52  [Thread-0] - [INFO]  watching......
2022-06-03 11:22:58  [Thread-0] - [INFO]  watching......
2022-06-03 11:23:02  [Thread-0] - [INFO]  收到打断通知, 现在开始料理后事
2022-06-03 11:23:02  [Thread-0] - [INFO]  ======================= 下面开始料理后事
2022-06-03 11:23:05  [Thread-0] - [INFO]  ==================== 完毕! 现在可以停机了!
2022-06-03 11:23:05  [Thread-0] - [INFO]  ===================== 监控线程运行结束!数据如下 =====================
2022-06-03 11:23:05  [Thread-0] - [INFO]  watchData ===>2
2022-06-03 11:24:47  [Thread-0] - [INFO]  ===================== 监控线程开始运行! =====================
2022-06-03 11:24:47  [Thread-0] - [INFO]  [运行中...]watching......
2022-06-03 11:24:53  [Thread-0] - [INFO]  [运行中...]watching......
2022-06-03 11:24:59  [Thread-0] - [INFO]  [运行中...]watching......
2022-06-03 11:25:05  [Thread-0] - [INFO]  [运行中...]watching......
2022-06-03 11:25:07  [Thread-0] - [INFO]  [运行中...]收到打断通知, 现在开始料理后事
2022-06-03 11:25:07  [Thread-0] - [INFO]  [停机中...] 下面开始料理后事
2022-06-03 11:25:10  [Thread-0] - [INFO]  [停机结束] 完毕! 现在可以停机了!
2022-06-03 11:25:10  [Thread-0] - [INFO]  ===================== 监控线程运行结束!数据如下 =====================
2022-06-03 11:25:10  [Thread-0] - [INFO]  watchData ===> 4
2022-06-03 12:17:52  [Thread-0] - [INFO]  ===================== 监控线程开始运行! =====================
2022-06-03 12:17:52  [Thread-0] - [INFO]  [运行中...]watching......
2022-06-03 12:17:58  [Thread-0] - [INFO]  [运行中...]watching......
2022-06-03 12:18:04  [Thread-0] - [INFO]  [运行中...]watching......
2022-06-03 12:18:10  [Thread-0] - [INFO]  [运行中...]watching......
2022-06-03 12:18:16  [Thread-0] - [INFO]  [运行中...]watching......
2022-06-03 12:18:22  [Thread-0] - [INFO]  [运行中...]收到打断通知, 现在开始料理后事
2022-06-03 12:18:22  [Thread-0] - [INFO]  [停机中...] 下面开始料理后事
2022-06-03 12:18:22  [Thread-0] - [INFO]  [停机结束] 完毕! 现在可以停机了!
2022-06-03 12:18:22  [Thread-0] - [INFO]  ===================== 监控线程运行结束!数据如下 =====================
2022-06-03 12:18:22  [Thread-0] - [INFO]  watchData ===> 5
